<?xml version="1.0" encoding="UTF-8"?>
<testsuite xmlns:xsi="http://www.w3.org/2001/XMLSchema-instance" xsi:noNamespaceSchemaLocation="https://maven.apache.org/surefire/maven-surefire-plugin/xsd/surefire-test-report.xsd" name="com.smarthome.PriorityQueueTest" time="0.001" tests="18" errors="0" skipped="0" failures="0">
  <properties>
    <property name="java.specification.version" value="21"/>
    <property name="sun.cpu.isalist" value="amd64"/>
    <property name="sun.jnu.encoding" value="Cp1252"/>
    <property name="java.class.path" value="C:\Users\lenovo\Documents\GitHub\Smart-Home-Automation-Java\target\test-classes;C:\Users\lenovo\Documents\GitHub\Smart-Home-Automation-Java\target\classes;C:\Users\lenovo\.m2\repository\junit\junit\4.11\junit-4.11.jar;C:\Users\lenovo\.m2\repository\org\hamcrest\hamcrest-core\1.3\hamcrest-core-1.3.jar;"/>
    <property name="java.vm.vendor" value="Oracle Corporation"/>
    <property name="sun.arch.data.model" value="64"/>
    <property name="user.variant" value=""/>
    <property name="java.vendor.url" value="https://java.oracle.com/"/>
    <property name="user.timezone" value="Asia/Calcutta"/>
    <property name="os.name" value="Windows 11"/>
    <property name="java.vm.specification.version" value="21"/>
    <property name="sun.java.launcher" value="SUN_STANDARD"/>
    <property name="user.country" value="IN"/>
    <property name="sun.boot.library.path" value="C:\Program Files\Java\jdk-21\bin"/>
    <property name="sun.java.command" value="C:\Users\lenovo\AppData\Local\Temp\surefire12885705088963602107\surefirebooter12507555326071003655.jar C:\Users\lenovo\AppData\Local\Temp\surefire12885705088963602107 2024-12-29T20-06-04_884-jvmRun1 surefire6846248033798493586tmp surefire_09951125608683755683tmp"/>
    <property name="jdk.debug" value="release"/>
    <property name="surefire.test.class.path" value="C:\Users\lenovo\Documents\GitHub\Smart-Home-Automation-Java\target\test-classes;C:\Users\lenovo\Documents\GitHub\Smart-Home-Automation-Java\target\classes;C:\Users\lenovo\.m2\repository\junit\junit\4.11\junit-4.11.jar;C:\Users\lenovo\.m2\repository\org\hamcrest\hamcrest-core\1.3\hamcrest-core-1.3.jar;"/>
    <property name="sun.cpu.endian" value="little"/>
    <property name="user.home" value="C:\Users\lenovo"/>
    <property name="user.language" value="en"/>
    <property name="java.specification.vendor" value="Oracle Corporation"/>
    <property name="java.version.date" value="2024-10-15"/>
    <property name="java.home" value="C:\Program Files\Java\jdk-21"/>
    <property name="file.separator" value="\"/>
    <property name="basedir" value="C:\Users\lenovo\Documents\GitHub\Smart-Home-Automation-Java"/>
    <property name="java.vm.compressedOopsMode" value="Zero based"/>
    <property name="line.separator" value="&#10;"/>
    <property name="java.vm.specification.vendor" value="Oracle Corporation"/>
    <property name="java.specification.name" value="Java Platform API Specification"/>
    <property name="surefire.real.class.path" value="C:\Users\lenovo\AppData\Local\Temp\surefire12885705088963602107\surefirebooter12507555326071003655.jar"/>
    <property name="user.script" value=""/>
    <property name="sun.management.compiler" value="HotSpot 64-Bit Tiered Compilers"/>
    <property name="java.runtime.version" value="21.0.5+9-LTS-239"/>
    <property name="user.name" value="lenovo"/>
    <property name="stdout.encoding" value="Cp1252"/>
    <property name="path.separator" value=";"/>
    <property name="os.version" value="10.0"/>
    <property name="java.runtime.name" value="Java(TM) SE Runtime Environment"/>
    <property name="file.encoding" value="UTF-8"/>
    <property name="java.vm.name" value="Java HotSpot(TM) 64-Bit Server VM"/>
    <property name="localRepository" value="C:\Users\lenovo\.m2\repository"/>
    <property name="java.vendor.url.bug" value="https://bugreport.java.com/bugreport/"/>
    <property name="java.io.tmpdir" value="C:\Users\lenovo\AppData\Local\Temp\"/>
    <property name="java.version" value="21.0.5"/>
    <property name="user.dir" value="C:\Users\lenovo\Documents\GitHub\Smart-Home-Automation-Java"/>
    <property name="os.arch" value="amd64"/>
    <property name="java.vm.specification.name" value="Java Virtual Machine Specification"/>
    <property name="sun.os.patch.level" value=""/>
    <property name="native.encoding" value="Cp1252"/>
    <property name="java.library.path" value="C:\Program Files\Java\jdk-21\bin;C:\WINDOWS\Sun\Java\bin;C:\WINDOWS\system32;C:\WINDOWS;C:\Program Files\Common Files\Oracle\Java\javapath;C:\ffmpeg\bin;C:\Program Files\NVIDIA GPU Computing Toolkit\CUDA\v12.5\bin;C:\Program Files\NVIDIA GPU Computing Toolkit\CUDA\v12.5\libnvvp;C:\Windows\system32;C:\Windows;C:\Windows\System32\Wbem;C:\Windows\System32\WindowsPowerShell\v1.0\;C:\Windows\System32\OpenSSH\;C:\Program Files (x86)\NVIDIA Corporation\PhysX\Common;C:\Program Files\Go\bin;C:\Program Files\Git\cmd;C:\Program Files\nodejs\;C:\Program Files\dotnet\;C:\Program Files\NVIDIA Corporation\NVIDIA app\NvDLISR;C:\Program Files\Cloudflare\Cloudflare WARP\;C:\Program Files\NVIDIA Corporation\Nsight Compute 2024.2.1\;C:\Users\lenovo\AppData\Local\Programs\Python\Python312\Scripts\;C:\Users\lenovo\AppData\Local\Programs\Python\Python312\;C:\Users\lenovo\AppData\Local\Programs\Python\Launcher\;C:\Users\lenovo\.cargo\bin;C:\Users\lenovo\AppData\Local\Microsoft\WindowsApps;C:\Users\lenovo\AppData\Local\Programs\Microsoft VS Code Insiders\bi;C:\Program Files\MATLAB\R2024a\bin;;C:\WINDOWS\system32;C:\WINDOWS;C:\WINDOWS\System32\Wbem;C:\WINDOWS\System32\WindowsPowerShell\v1.0\;C:\WINDOWS\System32\OpenSSH\;C:\Program Files\Analog Devices\libsmu;C:\Users\lenovo\AppData\Local\Programs\Python\Python312\Scripts\;C:\Users\lenovo\AppData\Local\Programs\Python\Python312\;C:\Users\lenovo\AppData\Local\Programs\Python\Launcher\;C:\Users\lenovo\.cargo\bin;C:\Users\lenovo\AppData\Local\Microsoft\WindowsApps;C:\Users\lenovo\AppData\Local\Programs\Microsoft VS Code Insiders\bin;C:\Users\lenovo\go\bin;C:\Users\lenovo\AppData\Roaming\npm;C:\Users\lenovo\.dotnet\tools;C:\msys64\ucrt64\bin;C:\Program Files\JetBrains\WebStorm 2024.1.5\bin;C:\Program Files\JetBrains\RustRover 2024.1.2\bin;C:\Program Files\JetBrains\CLion 2024.1.4\bin;C:\Users\lenovo\AppData\Local\spicetify;C:\FFmpeg\ffmpeg-2024-08-01-git-bcf08c1171-full_build\bin;C:\Users\lenovo\AppData\Local\Microsoft\WindowsApps;C:\Users\lenovo\AppData\Local\GitHubDesktop\bin;C:\Program Files\JetBrains\IntelliJ IDEA 2024.3.1.1\bin;;C:\Program Files\Java\jdk-21\bin;C:\Program Files\apache-maven-3.9.9\bin;;."/>
    <property name="java.vm.info" value="mixed mode, sharing"/>
    <property name="stderr.encoding" value="Cp1252"/>
    <property name="java.vendor" value="Oracle Corporation"/>
    <property name="java.vm.version" value="21.0.5+9-LTS-239"/>
    <property name="sun.io.unicode.encoding" value="UnicodeLittle"/>
    <property name="java.class.version" value="65.0"/>
  </properties>
  <testcase name="testGetQueue" classname="com.smarthome.PriorityQueueTest" time="0"/>
  <testcase name="testUpdatePriority" classname="com.smarthome.PriorityQueueTest" time="0"/>
  <testcase name="testClear" classname="com.smarthome.PriorityQueueTest" time="0"/>
  <testcase name="testPeek" classname="com.smarthome.PriorityQueueTest" time="0"/>
  <testcase name="testSize" classname="com.smarthome.PriorityQueueTest" time="0"/>
  <testcase name="testGetTask" classname="com.smarthome.PriorityQueueTest" time="0"/>
  <testcase name="testEnqueueToEmptyQueue" classname="com.smarthome.PriorityQueueTest" time="0"/>
  <testcase name="testUpdatePriorityNonExistingTask" classname="com.smarthome.PriorityQueueTest" time="0"/>
  <testcase name="testContains" classname="com.smarthome.PriorityQueueTest" time="0"/>
  <testcase name="testGetPriority" classname="com.smarthome.PriorityQueueTest" time="0"/>
  <testcase name="testEnqueueAndPeek" classname="com.smarthome.PriorityQueueTest" time="0"/>
  <testcase name="testEnqueueWithHigherPriority" classname="com.smarthome.PriorityQueueTest" time="0"/>
  <testcase name="testEnqueueWithSamePriority" classname="com.smarthome.PriorityQueueTest" time="0"/>
  <testcase name="testDequeueFromEmptyQueue" classname="com.smarthome.PriorityQueueTest" time="0"/>
  <testcase name="testEnqueueWithLowerPriority" classname="com.smarthome.PriorityQueueTest" time="0"/>
  <testcase name="testPeekOnEmptyQueue" classname="com.smarthome.PriorityQueueTest" time="0"/>
  <testcase name="testDequeue" classname="com.smarthome.PriorityQueueTest" time="0"/>
  <testcase name="testIsEmpty" classname="com.smarthome.PriorityQueueTest" time="0"/>
</testsuite>